<?xml version="1.0" encoding="UTF-8"?>
<!-- Generated by org.testng.reporters.JUnitReportReporter -->
<testsuite hostname="HP" failures="0" tests="2" name="testclass.registerTest" time="27.294" errors="0" timestamp="2024-01-05T14:59:07 IST" skipped="0">
  <testcase classname="testclass.registerTest" name="validverifytest" time="13.707"/>
  <testcase classname="testclass.registerTest" name="invalidverifytest" time="13.587"/>
</testsuite> <!-- testclass.registerTest -->
